==1011229== Memcheck, a memory error detector
==1011229== Copyright (C) 2002-2017, and GNU GPL'd, by Julian Seward et al.
==1011229== Using Valgrind-3.18.1 and LibVEX; rerun with -h for copyright info
==1011229== Command: ./minishell
==1011229== Parent PID: 1011222
==1011229== 
==1011229== 
==1011229== FILE DESCRIPTORS: 7 open (3 std) at exit.
==1011229== Open file descriptor 103: /usr/share/code/v8_context_snapshot.bin
==1011229==    <inherited from parent>
==1011229== 
==1011229== Open AF_UNIX socket 37: <unknown>
==1011229==    <inherited from parent>
==1011229== 
==1011229== Open file descriptor 36: /home/mlaffita/.config/Code/logs/20250702T143541/ptyhost.log
==1011229==    <inherited from parent>
==1011229== 
==1011229== Open file descriptor 3: /home/mlaffita/Documents/Minishell/valgrind.log
==1011229==    <inherited from parent>
==1011229== 
==1011229== Open file descriptor 2: /dev/pts/0
==1011229==    <inherited from parent>
==1011229== 
==1011229== Open file descriptor 1: /dev/pts/0
==1011229==    <inherited from parent>
==1011229== 
==1011229== Open file descriptor 0: /dev/pts/0
==1011229==    <inherited from parent>
==1011229== 
==1011229== 
==1011229== HEAP SUMMARY:
==1011229==     in use at exit: 204,197 bytes in 221 blocks
==1011229==   total heap usage: 586 allocs, 365 frees, 234,925 bytes allocated
==1011229== 
==1011229== LEAK SUMMARY:
==1011229==    definitely lost: 0 bytes in 0 blocks
==1011229==    indirectly lost: 0 bytes in 0 blocks
==1011229==      possibly lost: 0 bytes in 0 blocks
==1011229==    still reachable: 0 bytes in 0 blocks
==1011229==         suppressed: 204,197 bytes in 221 blocks
==1011229== 
==1011229== For lists of detected and suppressed errors, rerun with: -s
==1011229== ERROR SUMMARY: 0 errors from 0 contexts (suppressed: 0 from 0)
